--------------------------------------------------------------------------------
Release 8.1i Trace I.24
Copyright (c) 1995-2005 Xilinx, Inc.  All rights reserved.

C:\Xilinx\bin\nt\trce.exe -ise Adder.ise -intstyle ise -e 3 -l 3 -s 6 -xml
Half_adder_design Half_adder_design.ncd -o Half_adder_design.twr
Half_adder_design.pcf


Design file:              half_adder_design.ncd
Physical constraint file: half_adder_design.pcf
Device,speed:             xc2s50e,-6 (PRODUCTION 1.18 2005-11-04)
Report level:             error report

Environment Variable      Effect 
--------------------      ------ 
NONE                      No environment variables were set
--------------------------------------------------------------------------------

INFO:Timing:2698 - No timing constraints found, doing default enumeration.
INFO:Timing:2752 - To get complete path coverage, use the unconstrained paths
   option. All paths that are not constrained will be reported in the
   unconstrained paths section(s) of the report.


Data Sheet report:
-----------------
All values displayed in nanoseconds (ns)

Pad to Pad
---------------+---------------+---------+
Source Pad     |Destination Pad|  Delay  |
---------------+---------------+---------+
x              |c              |    7.586|
x              |s              |    7.007|
y              |c              |    7.631|
y              |s              |    7.121|
---------------+---------------+---------+

Analysis completed Mon May 13 09:24:38 2024
--------------------------------------------------------------------------------



Peak Memory Usage: 163 MB
